thread_1 10836
thread_0 10835
thread_2 10837
thread_4 10839
thread_5 10840
thread_3 10838
thread_6 10841
thread_177 11012
thread_8 10843
thread_9 10844
thread_11 10846
thread_13 10848
thread_15 10850
thread_17 10852
thread_19 10854
thread_22 10857
thread_24 10859
thread_26 10861
thread_28 10863
thread_30 10865
thread_32 10867
thread_34 10869
thread_36 10871
thread_38 10873
thread_40 10875
thread_42 10877
thread_44 10879
thread_47 10882
thread_49 10884
thread_51 10886
thread_53 10888
thread_55 10890
thread_57 10892
thread_59 10894
thread_61 10896
thread_63 10898
thread_65 10900
thread_67 10902
thread_69 10904
thread_71 10906
thread_74 10909
thread_76 10911
thread_78 10913
thread_80 10915
thread_82 10917
thread_84 10919
thread_86 10921
thread_88 10923
thread_90 10925
thread_92 10927
thread_94 10929
thread_96 10931
thread_99 10934
thread_101 10936
thread_103 10938
thread_105 10940
thread_107 10942
thread_109 10944
thread_111 10946
thread_113 10948
thread_115 10950
thread_117 10952
thread_119 10954
thread_121 10956
thread_123 10958
thread_126 10961
thread_128 10963
thread_130 10965
thread_132 10967
thread_134 10969
thread_136 10971
thread_138 10973
thread_140 10975
thread_142 10977
thread_144 10979
thread_146 10981
thread_148 10983
thread_151 10986
thread_153 10988
thread_155 10990
thread_157 10992
thread_159 10994
thread_161 10996
thread_163 10998
thread_165 11000
thread_167 11002
thread_169 11004
thread_171 11006
thread_173 11008
thread_175 11010
thread_178 11013
thread_180 11015
thread_182 11017
thread_184 11019
thread_186 11021
thread_188 11023
thread_190 11025
thread_192 11027
thread_194 11029
thread_196 11031
thread_198 11033
thread_200 11035
thread_203 11038
thread_205 11040
thread_207 11042
thread_209 11044
thread_211 11046
thread_213 11048
thread_215 11050
thread_217 11052
thread_219 11054
thread_221 11056
thread_223 11058
thread_225 11060
thread_227 11062
thread_230 11065
thread_232 11067
thread_234 11069
thread_236 11071
thread_238 11073
thread_240 11075
thread_242 11077
thread_244 11079
thread_246 11081
thread_248 11083
thread_7 10842
thread_87 10922
thread_27 10862
thread_23 10858
thread_20 10855
thread_16 10851
thread_12 10847
thread_29 10864
thread_33 10868
thread_152 10987
thread_37 10872
thread_156 10991
thread_41 10876
thread_160 10995
thread_45 10880
thread_164 10999
thread_48 10883
thread_168 11003
thread_54 10889
thread_172 11007
thread_176 11011
thread_25 10860
thread_179 11014
thread_58 10893
thread_183 11018
thread_62 10897
thread_187 11022
thread_66 10901
thread_191 11026
thread_70 10905
thread_195 11030
thread_199 11034
thread_73 10908
thread_202 11037
thread_77 10912
thread_206 11041
thread_81 10916
thread_212 11047
thread_85 10920
thread_216 11051
thread_220 11055
thread_21 10856
thread_89 10924
thread_93 10928
thread_97 10932
thread_100 10935
thread_104 10939
thread_247 11082
thread_108 10943
thread_145 10980
thread_112 10947
thread_149 10984
thread_116 10951
thread_120 10955
thread_141 10976
thread_124 10959
thread_137 10972
thread_127 10962
thread_133 10968
thread_18 10853
thread_243 11078
thread_228 11063
thread_224 11059
thread_231 11066
thread_208 11043
thread_249 11084
thread_197 11032
thread_193 11028
thread_201 11036
thread_245 11080
thread_170 11005
thread_237 11072
thread_210 11045
thread_222 11057
thread_218 11053
thread_239 11074
thread_189 11024
thread_174 11009
thread_204 11039
thread_214 11049
thread_185 11020
thread_229 11064
thread_162 10997
thread_135 10970
thread_14 10849
thread_226 11061
thread_10 10845
thread_143 10978
thread_110 10945
thread_122 10957
thread_158 10993
thread_72 10907
thread_129 10964
thread_233 11068
thread_75 10910
thread_147 10982
thread_181 11016
thread_150 10985
thread_95 10930
thread_154 10989
thread_56 10891
thread_139 10974
thread_50 10885
thread_102 10937
thread_114 10949
thread_235 11070
thread_35 10870
thread_125 10960
thread_68 10903
thread_31 10866
thread_60 10895
thread_106 10941
thread_64 10899
thread_46 10881
thread_79 10914
thread_39 10874
thread_166 11001
thread_52 10887
thread_131 10966
thread_43 10878
thread_91 10926
thread_118 10953
thread_98 10933
thread_241 11076
thread_83 10918
