thread_0 16705
thread_1 16706
thread_3 16708
thread_6 16711
thread_2 16707
thread_5 16710
thread_4 16709
thread_10 16715
thread_9 16714
thread_11 16716
thread_8 16713
thread_7 16712
thread_12 16717
thread_13 16718
thread_14 16719
thread_17 16722
thread_16 16721
thread_15 16720
thread_18 16723
thread_50 16755
thread_23 16728
thread_19 16724
thread_163 16868
thread_140 16845
thread_105 16810
thread_152 16857
thread_208 16913
thread_211 16916
thread_175 16880
thread_111 16816
thread_100 16805
thread_48 16753
thread_117 16822
thread_132 16837
thread_96 16801
thread_183 16888
thread_34 16739
thread_235 16940
thread_188 16893
thread_39 16744
thread_156 16861
thread_148 16853
thread_171 16876
thread_215 16920
thread_223 16928
thread_204 16909
thread_90 16795
thread_125 16830
thread_103 16808
thread_107 16812
thread_88 16793
thread_121 16826
thread_113 16818
thread_129 16834
thread_136 16841
thread_167 16872
thread_179 16884
thread_242 16947
thread_238 16943
thread_109 16814
thread_196 16901
thread_52 16757
thread_21 16726
thread_49 16754
thread_35 16740
thread_26 16731
thread_231 16936
thread_22 16727
thread_186 16891
thread_119 16824
thread_133 16838
thread_192 16897
thread_98 16803
thread_227 16932
thread_30 16735
thread_38 16743
thread_53 16758
thread_232 16937
thread_159 16864
thread_86 16791
thread_82 16787
thread_144 16849
thread_80 16785
thread_115 16820
thread_94 16799
thread_84 16789
thread_200 16905
thread_219 16924
thread_130 16835
thread_246 16951
thread_92 16797
thread_241 16946
thread_214 16919
thread_67 16772
thread_243 16948
thread_239 16944
thread_31 16736
thread_174 16879
thread_228 16933
thread_187 16892
thread_245 16950
thread_182 16887
thread_91 16796
thread_162 16867
thread_70 16775
thread_137 16842
thread_166 16871
thread_199 16904
thread_236 16941
thread_216 16921
thread_108 16813
thread_54 16759
thread_207 16912
thread_74 16779
thread_195 16900
thread_78 16783
thread_77 16782
thread_75 16780
thread_73 16778
thread_71 16776
thread_41 16746
thread_210 16915
thread_178 16883
thread_222 16927
thread_226 16931
thread_247 16952
thread_230 16935
thread_209 16914
thread_181 16886
thread_173 16878
thread_101 16806
thread_106 16811
thread_110 16815
thread_114 16819
thread_118 16823
thread_197 16902
thread_193 16898
thread_234 16939
thread_201 16906
thread_205 16910
thread_218 16923
thread_161 16866
thread_47 16752
thread_51 16756
thread_102 16807
thread_72 16777
thread_189 16894
thread_68 16773
thread_185 16890
thread_55 16760
thread_66 16771
thread_42 16747
thread_44 16749
thread_43 16748
thread_27 16732
thread_46 16751
thread_184 16889
thread_146 16851
thread_127 16832
thread_40 16745
thread_150 16855
thread_229 16934
thread_138 16843
thread_56 16761
thread_57 16762
thread_58 16763
thread_59 16764
thread_65 16770
thread_63 16768
thread_61 16766
thread_206 16911
thread_233 16938
thread_20 16725
thread_32 16737
thread_122 16827
thread_135 16840
thread_139 16844
thread_76 16781
thread_143 16848
thread_29 16734
thread_147 16852
thread_151 16856
thread_25 16730
thread_155 16860
thread_160 16865
thread_33 16738
thread_164 16869
thread_28 16733
thread_168 16873
thread_97 16802
thread_126 16831
thread_172 16877
thread_176 16881
thread_131 16836
thread_180 16885
thread_149 16854
thread_95 16800
thread_99 16804
thread_104 16809
thread_116 16821
thread_145 16850
thread_153 16858
thread_170 16875
thread_191 16896
thread_212 16917
thread_220 16925
thread_224 16929
thread_249 16954
thread_203 16908
thread_89 16794
thread_158 16863
thread_45 16750
thread_79 16784
thread_37 16742
thread_81 16786
thread_141 16846
thread_85 16790
thread_83 16788
thread_93 16798
thread_248 16953
thread_240 16945
thread_244 16949
thread_190 16895
thread_202 16907
thread_225 16930
thread_198 16903
thread_217 16922
thread_221 16926
thread_213 16918
thread_237 16942
thread_177 16882
thread_194 16899
thread_157 16862
thread_169 16874
thread_165 16870
thread_154 16859
thread_64 16769
thread_142 16847
thread_134 16839
thread_123 16828
thread_60 16765
thread_87 16792
thread_112 16817
thread_120 16825
thread_124 16829
thread_128 16833
thread_69 16774
thread_36 16741
thread_62 16767
thread_24 16729
thread_5 16975
thread_3 16973
thread_4 16974
thread_0 16970
thread_6 16976
thread_1 16971
thread_2 16972
thread_138 17108
thread_82 17052
thread_97 17067
thread_132 17102
thread_86 17056
thread_130 17100
thread_127 17097
thread_119 17089
thread_115 17085
thread_100 17070
thread_102 17072
thread_116 17086
thread_88 17058
thread_51 17021
thread_134 17104
thread_123 17093
thread_87 17057
thread_105 17075
thread_7 16977
thread_91 17061
thread_117 17087
thread_101 17071
thread_131 17101
thread_133 17103
thread_124 17094
thread_121 17091
thread_125 17095
thread_98 17068
thread_60 17030
thread_64 17034
thread_62 17032
thread_84 17054
thread_126 17096
thread_135 17105
thread_99 17069
thread_108 17078
thread_136 17106
thread_95 17065
thread_114 17084
thread_96 17066
thread_120 17090
thread_110 17080
thread_90 17060
thread_128 17098
thread_109 17079
thread_118 17088
thread_129 17099
thread_93 17063
thread_94 17064
thread_122 17092
thread_106 17076
thread_92 17062
thread_103 17073
thread_107 17077
thread_104 17074
thread_66 17036
thread_113 17083
thread_74 17044
thread_70 17040
thread_83 17053
thread_50 17020
thread_137 17107
thread_112 17082
thread_42 17012
thread_61 17031
thread_63 17033
thread_75 17045
thread_69 17039
thread_68 17038
thread_49 17019
thread_77 17047
thread_79 17049
thread_59 17029
thread_37 17007
thread_58 17028
thread_53 17023
thread_65 17035
thread_85 17055
thread_78 17048
thread_15 16985
thread_111 17081
thread_80 17050
thread_56 17026
thread_48 17018
thread_52 17022
thread_81 17051
thread_31 17001
thread_67 17037
thread_73 17043
thread_44 17014
thread_29 16999
thread_14 16984
thread_38 17008
thread_43 17013
thread_17 16987
thread_47 17017
thread_35 17005
thread_76 17046
thread_71 17041
thread_22 16992
thread_34 17004
thread_11 16981
thread_41 17011
thread_30 17000
thread_55 17025
thread_46 17016
thread_13 16983
thread_9 16979
thread_18 16988
thread_36 17006
thread_33 17003
thread_45 17015
thread_19 16989
thread_10 16980
thread_32 17002
thread_28 16998
thread_40 17010
thread_21 16991
thread_27 16997
thread_20 16990
thread_139 17109
thread_72 17042
thread_25 16995
thread_89 17059
thread_8 16978
thread_26 16996
thread_24 16994
thread_39 17009
thread_57 17027
thread_23 16993
thread_12 16982
thread_54 17024
thread_16 16986
thread_140 17110
thread_141 17111
thread_142 17112
thread_152 17122
thread_153 17123
thread_166 17136
thread_177 17147
thread_163 17133
thread_161 17131
thread_181 17151
thread_185 17155
thread_150 17120
thread_176 17146
thread_165 17135
thread_170 17140
thread_155 17125
thread_148 17118
thread_184 17154
thread_186 17156
thread_179 17149
thread_182 17152
thread_172 17142
thread_168 17138
thread_157 17127
thread_159 17129
thread_187 17157
thread_174 17144
thread_146 17116
thread_162 17132
thread_149 17119
thread_171 17141
thread_180 17150
thread_167 17137
thread_154 17124
thread_158 17128
thread_175 17145
thread_143 17113
thread_145 17115
thread_178 17148
thread_164 17134
thread_173 17143
thread_151 17121
thread_156 17126
thread_160 17130
thread_147 17117
thread_169 17139
thread_183 17153
thread_188 17158
thread_144 17114
thread_193 17163
thread_192 17162
thread_191 17161
thread_189 17159
thread_190 17160
thread_194 17164
thread_196 17166
thread_195 17165
thread_198 17168
thread_197 17167
thread_199 17169
thread_200 17170
thread_202 17172
thread_203 17173
thread_204 17174
thread_205 17175
thread_206 17176
thread_207 17177
thread_208 17178
thread_209 17179
thread_210 17180
thread_211 17181
thread_212 17182
thread_213 17183
thread_214 17184
thread_215 17185
thread_216 17186
thread_217 17187
thread_218 17188
thread_219 17189
thread_220 17190
thread_221 17191
thread_222 17192
thread_223 17193
thread_224 17194
thread_225 17195
thread_226 17196
thread_227 17197
thread_228 17198
thread_229 17199
thread_230 17200
thread_231 17201
thread_232 17202
thread_233 17203
thread_234 17204
thread_235 17205
thread_236 17206
thread_237 17207
thread_238 17208
thread_239 17209
thread_240 17210
thread_241 17211
thread_242 17212
thread_243 17213
thread_244 17214
thread_245 17215
thread_246 17216
thread_247 17217
thread_248 17218
thread_249 17219
thread_201 17171
thread_0 17234
thread_4 17238
thread_2 17236
thread_1 17235
thread_3 17237
thread_5 17239
thread_7 17241
thread_6 17240
thread_8 17242
thread_11 17245
thread_10 17244
thread_9 17243
thread_13 17247
thread_14 17248
thread_16 17250
thread_15 17249
thread_12 17246
thread_53 17287
thread_80 17314
thread_81 17315
thread_59 17293
thread_85 17319
thread_67 17301
thread_62 17296
thread_69 17303
thread_63 17297
thread_56 17290
thread_57 17291
thread_71 17305
thread_73 17307
thread_60 17294
thread_61 17295
thread_55 17289
thread_74 17308
thread_54 17288
thread_83 17317
thread_77 17311
thread_41 17275
thread_65 17299
thread_38 17272
thread_37 17271
thread_39 17273
thread_50 17284
thread_47 17281
thread_24 17258
thread_49 17283
thread_48 17282
thread_44 17278
thread_43 17277
thread_84 17318
thread_40 17274
thread_78 17312
thread_75 17309
thread_72 17306
thread_68 17302
thread_66 17300
thread_42 17276
thread_79 17313
thread_36 17270
thread_58 17292
thread_35 17269
thread_64 17298
thread_45 17279
thread_51 17285
thread_70 17304
thread_82 17316
thread_46 17280
thread_76 17310
thread_34 17268
thread_106 17340
thread_108 17342
thread_105 17339
thread_104 17338
thread_95 17329
thread_88 17322
thread_87 17321
thread_86 17320
thread_94 17328
thread_99 17333
thread_92 17326
thread_93 17327
thread_96 17330
thread_91 17325
thread_101 17335
thread_102 17336
thread_98 17332
thread_107 17341
thread_100 17334
thread_90 17324
thread_89 17323
thread_103 17337
thread_29 17263
thread_28 17262
thread_27 17261
thread_32 17266
thread_31 17265
thread_52 17286
thread_30 17264
thread_26 17260
thread_33 17267
thread_25 17259
thread_97 17331
thread_18 17252
thread_109 17343
thread_21 17255
thread_22 17256
thread_17 17251
thread_214 17448
thread_215 17449
thread_119 17353
thread_121 17355
thread_123 17357
thread_120 17354
thread_116 17350
thread_115 17349
thread_118 17352
thread_113 17347
thread_114 17348
thread_112 17346
thread_122 17356
thread_111 17345
thread_117 17351
thread_110 17344
thread_19 17253
thread_127 17361
thread_129 17363
thread_126 17360
thread_128 17362
thread_125 17359
thread_130 17364
thread_124 17358
thread_141 17375
thread_144 17378
thread_140 17374
thread_139 17373
thread_143 17377
thread_142 17376
thread_135 17369
thread_133 17367
thread_136 17370
thread_134 17368
thread_137 17371
thread_132 17366
thread_138 17372
thread_131 17365
thread_148 17382
thread_147 17381
thread_150 17384
thread_149 17383
thread_146 17380
thread_151 17385
thread_145 17379
thread_163 17397
thread_162 17396
thread_158 17392
thread_161 17395
thread_165 17399
thread_164 17398
thread_156 17390
thread_154 17388
thread_157 17391
thread_155 17389
thread_153 17387
thread_160 17394
thread_159 17393
thread_152 17386
thread_167 17401
thread_172 17406
thread_168 17402
thread_169 17403
thread_171 17405
thread_170 17404
thread_173 17407
thread_166 17400
thread_179 17413
thread_178 17412
thread_177 17411
thread_176 17410
thread_180 17414
thread_187 17421
thread_185 17419
thread_182 17416
thread_184 17418
thread_186 17420
thread_175 17409
thread_183 17417
thread_181 17415
thread_174 17408
thread_190 17424
thread_194 17428
thread_193 17427
thread_191 17425
thread_189 17423
thread_192 17426
thread_188 17422
thread_208 17442
thread_23 17257
thread_198 17432
thread_196 17430
thread_201 17435
thread_197 17431
thread_200 17434
thread_199 17433
thread_207 17441
thread_205 17439
thread_204 17438
thread_202 17436
thread_206 17440
thread_195 17429
thread_203 17437
thread_212 17446
thread_213 17447
thread_210 17444
thread_211 17445
thread_209 17443
thread_20 17254
thread_221 17455
thread_224 17458
thread_223 17457
thread_222 17456
thread_217 17451
thread_216 17450
thread_234 17468
thread_232 17466
thread_231 17465
thread_236 17470
thread_242 17476
thread_244 17478
thread_249 17483
thread_220 17454
thread_247 17481
thread_227 17461
thread_246 17480
thread_229 17463
thread_235 17469
thread_237 17471
thread_239 17473
thread_241 17475
thread_233 17467
thread_245 17479
thread_240 17474
thread_228 17462
thread_238 17472
thread_243 17477
thread_248 17482
thread_230 17464
thread_225 17459
thread_218 17452
thread_219 17453
thread_226 17460
thread_3 17502
thread_0 17499
thread_1 17500
thread_2 17501
thread_4 17503
thread_5 17504
thread_6 17505
thread_7 17506
thread_9 17508
thread_12 17511
thread_8 17507
thread_14 17513
thread_10 17509
thread_13 17512
thread_11 17510
thread_16 17515
thread_15 17514
thread_18 17517
thread_17 17516
thread_20 17519
thread_19 17518
thread_32 17531
thread_30 17529
thread_39 17538
thread_22 17521
thread_40 17539
thread_41 17540
thread_38 17537
thread_26 17525
thread_36 17535
thread_43 17542
thread_47 17546
thread_45 17544
thread_28 17527
thread_46 17545
thread_37 17536
thread_34 17533
thread_42 17541
thread_44 17543
thread_31 17530
thread_35 17534
thread_33 17532
thread_29 17528
thread_25 17524
thread_27 17526
thread_48 17547
thread_50 17549
thread_57 17556
thread_55 17554
thread_51 17550
thread_53 17552
thread_52 17551
thread_49 17548
thread_54 17553
thread_56 17555
thread_23 17522
thread_21 17520
thread_58 17557
thread_59 17558
thread_60 17559
thread_61 17560
thread_62 17561
thread_63 17562
thread_64 17563
thread_65 17564
thread_66 17565
thread_67 17566
thread_68 17567
thread_69 17568
thread_70 17569
thread_71 17570
thread_72 17571
thread_73 17572
thread_74 17573
thread_75 17574
thread_76 17575
thread_77 17576
thread_78 17577
thread_79 17578
thread_80 17579
thread_81 17580
thread_82 17581
thread_83 17582
thread_84 17583
thread_85 17584
thread_86 17585
thread_87 17586
thread_88 17587
thread_89 17588
thread_90 17589
thread_91 17590
thread_92 17591
thread_93 17592
thread_94 17593
thread_95 17594
thread_96 17595
thread_97 17596
thread_98 17597
thread_99 17598
thread_100 17599
thread_101 17600
thread_102 17601
thread_103 17602
thread_104 17603
thread_105 17604
thread_106 17605
thread_107 17606
thread_108 17607
thread_109 17608
thread_110 17609
thread_111 17610
thread_112 17611
thread_113 17612
thread_114 17613
thread_115 17614
thread_116 17615
thread_117 17616
thread_118 17617
thread_119 17618
thread_120 17619
thread_121 17620
thread_122 17621
thread_123 17622
thread_124 17623
thread_125 17624
thread_126 17625
thread_127 17626
thread_128 17627
thread_129 17628
thread_130 17629
thread_131 17630
thread_132 17631
thread_133 17632
thread_134 17633
thread_135 17634
thread_138 17637
thread_139 17638
thread_140 17639
thread_141 17640
thread_142 17641
thread_143 17642
thread_144 17643
thread_145 17644
thread_146 17645
thread_147 17646
thread_148 17647
thread_149 17648
thread_150 17649
thread_151 17650
thread_152 17651
thread_153 17652
thread_154 17653
thread_155 17654
thread_156 17655
thread_157 17656
thread_158 17657
thread_159 17658
thread_160 17659
thread_161 17660
thread_162 17661
thread_163 17662
thread_164 17663
thread_170 17669
thread_171 17670
thread_172 17671
thread_173 17672
thread_174 17673
thread_175 17674
thread_176 17675
thread_177 17676
thread_178 17677
thread_179 17678
thread_180 17679
thread_181 17680
thread_182 17681
thread_183 17682
thread_184 17683
thread_185 17684
thread_168 17667
thread_186 17685
thread_187 17686
thread_188 17687
thread_189 17688
thread_190 17689
thread_191 17690
thread_192 17691
thread_193 17692
thread_194 17693
thread_195 17694
thread_196 17695
thread_197 17696
thread_198 17697
thread_199 17698
thread_200 17699
thread_201 17700
thread_202 17701
thread_203 17702
thread_204 17703
thread_205 17704
thread_206 17705
thread_207 17706
thread_208 17707
thread_209 17708
thread_210 17709
thread_211 17710
thread_212 17711
thread_213 17712
thread_214 17713
thread_215 17714
thread_216 17715
thread_217 17716
thread_218 17717
thread_219 17718
thread_220 17719
thread_221 17720
thread_222 17721
thread_223 17722
thread_224 17723
thread_225 17724
thread_226 17725
thread_227 17726
thread_228 17727
thread_229 17728
thread_230 17729
thread_231 17730
thread_232 17731
thread_233 17732
thread_234 17733
thread_235 17734
thread_236 17735
thread_237 17736
thread_238 17737
thread_239 17738
thread_240 17739
thread_241 17740
thread_242 17741
thread_243 17742
thread_244 17743
thread_245 17744
thread_246 17745
thread_247 17746
thread_248 17747
thread_249 17748
thread_24 17523
thread_166 17665
thread_137 17636
thread_165 17664
thread_136 17635
thread_169 17668
thread_167 17666
thread_1 17764
thread_2 17765
thread_0 17763
thread_7 17770
thread_3 17766
thread_8 17771
thread_5 17768
thread_6 17769
thread_10 17773
thread_9 17772
thread_4 17767
thread_12 17775
thread_11 17774
thread_13 17776
thread_14 17777
thread_15 17778
thread_16 17779
thread_18 17781
thread_17 17780
thread_81 17844
thread_40 17803
thread_82 17845
thread_79 17842
thread_75 17838
thread_88 17851
thread_65 17828
thread_58 17821
thread_70 17833
thread_72 17835
thread_52 17815
thread_64 17827
thread_55 17818
thread_78 17841
thread_42 17805
thread_77 17840
thread_73 17836
thread_85 17848
thread_66 17829
thread_60 17823
thread_67 17830
thread_56 17819
thread_48 17811
thread_46 17809
thread_80 17843
thread_62 17825
thread_69 17832
thread_47 17810
thread_53 17816
thread_38 17801
thread_71 17834
thread_91 17854
thread_84 17847
thread_86 17849
thread_74 17837
thread_89 17852
thread_87 17850
thread_83 17846
thread_90 17853
thread_54 17817
thread_57 17820
thread_49 17812
thread_39 17802
thread_63 17826
thread_36 17799
thread_43 17806
thread_37 17800
thread_59 17822
thread_61 17824
thread_50 17813
thread_76 17839
thread_35 17798
thread_68 17831
thread_34 17797
thread_51 17814
thread_41 17804
thread_25 17788
thread_45 17808
thread_44 17807
thread_33 17796
thread_123 17886
thread_122 17885
thread_121 17884
thread_114 17877
thread_113 17876
thread_124 17887
thread_116 17879
thread_115 17878
thread_119 17882
thread_117 17880
thread_120 17883
thread_97 17860
thread_102 17865
thread_105 17868
thread_104 17867
thread_111 17874
thread_107 17870
thread_109 17872
thread_108 17871
thread_100 17863
thread_110 17873
thread_101 17864
thread_95 17858
thread_106 17869
thread_94 17857
thread_99 17862
thread_93 17856
thread_98 17861
thread_96 17859
thread_92 17855
thread_112 17875
thread_118 17881
thread_30 17793
thread_20 17783
thread_31 17794
thread_32 17795
thread_26 17789
thread_103 17866
thread_29 17792
thread_28 17791
thread_24 17787
thread_27 17790
thread_21 17784
thread_22 17785
thread_128 17891
thread_129 17892
thread_126 17889
thread_130 17893
thread_127 17890
thread_125 17888
thread_131 17894
thread_23 17786
thread_153 17916
thread_143 17906
thread_141 17904
thread_140 17903
thread_145 17908
thread_142 17905
thread_138 17901
thread_144 17907
thread_134 17897
thread_137 17900
thread_135 17898
thread_136 17899
thread_133 17896
thread_139 17902
thread_132 17895
thread_149 17912
thread_150 17913
thread_151 17914
thread_152 17915
thread_147 17910
thread_148 17911
thread_146 17909
thread_157 17920
thread_156 17919
thread_155 17918
thread_158 17921
thread_159 17922
thread_160 17923
thread_154 17917
thread_171 17934
thread_170 17933
thread_172 17935
thread_173 17936
thread_165 17928
thread_169 17932
thread_174 17937
thread_167 17930
thread_164 17927
thread_166 17929
thread_162 17925
thread_163 17926
thread_168 17931
thread_161 17924
thread_179 17942
thread_180 17943
thread_177 17940
thread_178 17941
thread_176 17939
thread_181 17944
thread_175 17938
thread_194 17957
thread_192 17955
thread_195 17958
thread_187 17950
thread_190 17953
thread_185 17948
thread_191 17954
thread_193 17956
thread_186 17949
thread_183 17946
thread_184 17947
thread_188 17951
thread_189 17952
thread_182 17945
thread_198 17961
thread_200 17963
thread_201 17964
thread_199 17962
thread_197 17960
thread_202 17965
thread_196 17959
thread_216 17979
thread_213 17976
thread_215 17978
thread_206 17969
thread_207 17970
thread_211 17974
thread_205 17968
thread_217 17980
thread_214 17977
thread_212 17975
thread_208 17971
thread_209 17972
thread_204 17967
thread_210 17973
thread_203 17966
thread_221 17984
thread_220 17983
thread_222 17985
thread_223 17986
thread_219 17982
thread_224 17987
thread_218 17981
thread_230 17993
thread_236 17999
thread_237 18000
thread_238 18001
thread_227 17990
thread_233 17996
thread_234 17997
thread_231 17994
thread_228 17991
thread_229 17992
thread_235 17998
thread_226 17989
thread_232 17995
thread_225 17988
thread_249 18012
thread_242 18005
thread_241 18004
thread_243 18006
thread_240 18003
thread_244 18007
thread_245 18008
thread_239 18002
thread_19 17782
thread_248 18011
thread_247 18010
thread_246 18009
